<?xml version="1.0" encoding="UTF-8"?>
<testng-results skipped="0" failed="0" ignored="0" total="1" passed="1">
  <reporter-output>
  </reporter-output>
  <suite name="Default suite" duration-ms="12326" started-at="2020-07-16T00:41:42 IST" finished-at="2020-07-16T00:41:54 IST">
    <groups>
    </groups>
    <test name="Default test" duration-ms="12326" started-at="2020-07-16T00:41:42 IST" finished-at="2020-07-16T00:41:54 IST">
      <class name="webtesting.testngmethodTest">
        <test-method status="PASS" signature="method1()[pri:0, instance:webtesting.testngmethodTest@131276c2]" name="method1" duration-ms="12263" started-at="2020-07-16T00:41:42 IST" finished-at="2020-07-16T00:41:54 IST">
          <reporter-output>
          </reporter-output>
        </test-method> <!-- method1 -->
      </class> <!-- webtesting.testngmethodTest -->
    </test> <!-- Default test -->
  </suite> <!-- Default suite -->
</testng-results>
